[2018-04-03 02:03:10] production.INFO: El Usuario psico@ccc.edu.bo Logeado!!!   
[2018-04-03 02:05:10] production.INFO: El Usuario secretaria1@ccc.edu.bo Logeado!!!   
[2018-04-03 02:32:50] production.ERROR: Class 'TCG\Voyager\VoyagerServiceProvider' not found {"exception":"[object] (Symfony\\Component\\Debug\\Exception\\FatalThrowableError(code: 0): Class 'TCG\\Voyager\\VoyagerServiceProvider' not found at G:\\Proyectos_2017\\sisccc\\sitio\\vendor\\laravel\\framework\\src\\Illuminate\\Foundation\\ProviderRepository.php:208)
[stacktrace]
#0 G:\\Proyectos_2017\\sisccc\\sitio\\vendor\\laravel\\framework\\src\\Illuminate\\Foundation\\ProviderRepository.php(144): Illuminate\\Foundation\\ProviderRepository->createProvider('TCG\\\\Voyager\\\\Voy...')
#1 G:\\Proyectos_2017\\sisccc\\sitio\\vendor\\laravel\\framework\\src\\Illuminate\\Foundation\\ProviderRepository.php(61): Illuminate\\Foundation\\ProviderRepository->compileManifest(Array)
#2 G:\\Proyectos_2017\\sisccc\\sitio\\vendor\\laravel\\framework\\src\\Illuminate\\Foundation\\Application.php(561): Illuminate\\Foundation\\ProviderRepository->load(Array)
#3 G:\\Proyectos_2017\\sisccc\\sitio\\vendor\\laravel\\framework\\src\\Illuminate\\Foundation\\Bootstrap\\RegisterProviders.php(17): Illuminate\\Foundation\\Application->registerConfiguredProviders()
#4 G:\\Proyectos_2017\\sisccc\\sitio\\vendor\\laravel\\framework\\src\\Illuminate\\Foundation\\Application.php(213): Illuminate\\Foundation\\Bootstrap\\RegisterProviders->bootstrap(Object(Illuminate\\Foundation\\Application))
#5 G:\\Proyectos_2017\\sisccc\\sitio\\vendor\\laravel\\framework\\src\\Illuminate\\Foundation\\Console\\Kernel.php(296): Illuminate\\Foundation\\Application->bootstrapWith(Array)
#6 G:\\Proyectos_2017\\sisccc\\sitio\\vendor\\laravel\\framework\\src\\Illuminate\\Foundation\\Console\\Kernel.php(119): Illuminate\\Foundation\\Console\\Kernel->bootstrap()
#7 G:\\Proyectos_2017\\sisccc\\sitio\\artisan(35): Illuminate\\Foundation\\Console\\Kernel->handle(Object(Symfony\\Component\\Console\\Input\\ArgvInput), Object(Symfony\\Component\\Console\\Output\\ConsoleOutput))
#8 {main}
"} 
[2018-04-03 02:33:08] production.ERROR: Class 'TCG\Voyager\VoyagerServiceProvider' not found {"exception":"[object] (Symfony\\Component\\Debug\\Exception\\FatalThrowableError(code: 0): Class 'TCG\\Voyager\\VoyagerServiceProvider' not found at G:\\Proyectos_2017\\sisccc\\sitio\\vendor\\laravel\\framework\\src\\Illuminate\\Foundation\\ProviderRepository.php:208)
[stacktrace]
#0 G:\\Proyectos_2017\\sisccc\\sitio\\vendor\\laravel\\framework\\src\\Illuminate\\Foundation\\ProviderRepository.php(144): Illuminate\\Foundation\\ProviderRepository->createProvider('TCG\\\\Voyager\\\\Voy...')
#1 G:\\Proyectos_2017\\sisccc\\sitio\\vendor\\laravel\\framework\\src\\Illuminate\\Foundation\\ProviderRepository.php(61): Illuminate\\Foundation\\ProviderRepository->compileManifest(Array)
#2 G:\\Proyectos_2017\\sisccc\\sitio\\vendor\\laravel\\framework\\src\\Illuminate\\Foundation\\Application.php(561): Illuminate\\Foundation\\ProviderRepository->load(Array)
#3 G:\\Proyectos_2017\\sisccc\\sitio\\vendor\\laravel\\framework\\src\\Illuminate\\Foundation\\Bootstrap\\RegisterProviders.php(17): Illuminate\\Foundation\\Application->registerConfiguredProviders()
#4 G:\\Proyectos_2017\\sisccc\\sitio\\vendor\\laravel\\framework\\src\\Illuminate\\Foundation\\Application.php(213): Illuminate\\Foundation\\Bootstrap\\RegisterProviders->bootstrap(Object(Illuminate\\Foundation\\Application))
#5 G:\\Proyectos_2017\\sisccc\\sitio\\vendor\\laravel\\framework\\src\\Illuminate\\Foundation\\Http\\Kernel.php(162): Illuminate\\Foundation\\Application->bootstrapWith(Array)
#6 G:\\Proyectos_2017\\sisccc\\sitio\\vendor\\laravel\\framework\\src\\Illuminate\\Foundation\\Http\\Kernel.php(146): Illuminate\\Foundation\\Http\\Kernel->bootstrap()
#7 G:\\Proyectos_2017\\sisccc\\sitio\\vendor\\laravel\\framework\\src\\Illuminate\\Foundation\\Http\\Kernel.php(116): Illuminate\\Foundation\\Http\\Kernel->sendRequestThroughRouter(Object(Illuminate\\Http\\Request))
#8 G:\\Proyectos_2017\\sisccc\\sitio\\public\\index.php(53): Illuminate\\Foundation\\Http\\Kernel->handle(Object(Illuminate\\Http\\Request))
#9 {main}
"} 
[2018-04-03 02:51:49] production.ERROR: Class 'TCG\Voyager\VoyagerServiceProvider' not found {"exception":"[object] (Symfony\\Component\\Debug\\Exception\\FatalThrowableError(code: 0): Class 'TCG\\Voyager\\VoyagerServiceProvider' not found at G:\\Proyectos_2017\\sisccc\\sitio\\vendor\\laravel\\framework\\src\\Illuminate\\Foundation\\ProviderRepository.php:208)
[stacktrace]
#0 G:\\Proyectos_2017\\sisccc\\sitio\\vendor\\laravel\\framework\\src\\Illuminate\\Foundation\\ProviderRepository.php(144): Illuminate\\Foundation\\ProviderRepository->createProvider('TCG\\\\Voyager\\\\Voy...')
#1 G:\\Proyectos_2017\\sisccc\\sitio\\vendor\\laravel\\framework\\src\\Illuminate\\Foundation\\ProviderRepository.php(61): Illuminate\\Foundation\\ProviderRepository->compileManifest(Array)
#2 G:\\Proyectos_2017\\sisccc\\sitio\\vendor\\laravel\\framework\\src\\Illuminate\\Foundation\\Application.php(561): Illuminate\\Foundation\\ProviderRepository->load(Array)
#3 G:\\Proyectos_2017\\sisccc\\sitio\\vendor\\laravel\\framework\\src\\Illuminate\\Foundation\\Bootstrap\\RegisterProviders.php(17): Illuminate\\Foundation\\Application->registerConfiguredProviders()
#4 G:\\Proyectos_2017\\sisccc\\sitio\\vendor\\laravel\\framework\\src\\Illuminate\\Foundation\\Application.php(213): Illuminate\\Foundation\\Bootstrap\\RegisterProviders->bootstrap(Object(Illuminate\\Foundation\\Application))
#5 G:\\Proyectos_2017\\sisccc\\sitio\\vendor\\laravel\\framework\\src\\Illuminate\\Foundation\\Http\\Kernel.php(162): Illuminate\\Foundation\\Application->bootstrapWith(Array)
#6 G:\\Proyectos_2017\\sisccc\\sitio\\vendor\\laravel\\framework\\src\\Illuminate\\Foundation\\Http\\Kernel.php(146): Illuminate\\Foundation\\Http\\Kernel->bootstrap()
#7 G:\\Proyectos_2017\\sisccc\\sitio\\vendor\\laravel\\framework\\src\\Illuminate\\Foundation\\Http\\Kernel.php(116): Illuminate\\Foundation\\Http\\Kernel->sendRequestThroughRouter(Object(Illuminate\\Http\\Request))
#8 G:\\Proyectos_2017\\sisccc\\sitio\\public\\index.php(53): Illuminate\\Foundation\\Http\\Kernel->handle(Object(Illuminate\\Http\\Request))
#9 {main}
"} 
[2018-04-03 02:52:14] production.ERROR: Class 'TCG\Voyager\VoyagerServiceProvider' not found {"exception":"[object] (Symfony\\Component\\Debug\\Exception\\FatalThrowableError(code: 0): Class 'TCG\\Voyager\\VoyagerServiceProvider' not found at G:\\Proyectos_2017\\sisccc\\sitio\\vendor\\laravel\\framework\\src\\Illuminate\\Foundation\\ProviderRepository.php:208)
[stacktrace]
#0 G:\\Proyectos_2017\\sisccc\\sitio\\vendor\\laravel\\framework\\src\\Illuminate\\Foundation\\ProviderRepository.php(144): Illuminate\\Foundation\\ProviderRepository->createProvider('TCG\\\\Voyager\\\\Voy...')
#1 G:\\Proyectos_2017\\sisccc\\sitio\\vendor\\laravel\\framework\\src\\Illuminate\\Foundation\\ProviderRepository.php(61): Illuminate\\Foundation\\ProviderRepository->compileManifest(Array)
#2 G:\\Proyectos_2017\\sisccc\\sitio\\vendor\\laravel\\framework\\src\\Illuminate\\Foundation\\Application.php(561): Illuminate\\Foundation\\ProviderRepository->load(Array)
#3 G:\\Proyectos_2017\\sisccc\\sitio\\vendor\\laravel\\framework\\src\\Illuminate\\Foundation\\Bootstrap\\RegisterProviders.php(17): Illuminate\\Foundation\\Application->registerConfiguredProviders()
#4 G:\\Proyectos_2017\\sisccc\\sitio\\vendor\\laravel\\framework\\src\\Illuminate\\Foundation\\Application.php(213): Illuminate\\Foundation\\Bootstrap\\RegisterProviders->bootstrap(Object(Illuminate\\Foundation\\Application))
#5 G:\\Proyectos_2017\\sisccc\\sitio\\vendor\\laravel\\framework\\src\\Illuminate\\Foundation\\Http\\Kernel.php(162): Illuminate\\Foundation\\Application->bootstrapWith(Array)
#6 G:\\Proyectos_2017\\sisccc\\sitio\\vendor\\laravel\\framework\\src\\Illuminate\\Foundation\\Http\\Kernel.php(146): Illuminate\\Foundation\\Http\\Kernel->bootstrap()
#7 G:\\Proyectos_2017\\sisccc\\sitio\\vendor\\laravel\\framework\\src\\Illuminate\\Foundation\\Http\\Kernel.php(116): Illuminate\\Foundation\\Http\\Kernel->sendRequestThroughRouter(Object(Illuminate\\Http\\Request))
#8 G:\\Proyectos_2017\\sisccc\\sitio\\public\\index.php(53): Illuminate\\Foundation\\Http\\Kernel->handle(Object(Illuminate\\Http\\Request))
#9 {main}
"} 
[2018-04-03 02:58:40] production.ERROR: Class 'TCG\Voyager\VoyagerServiceProvider' not found {"exception":"[object] (Symfony\\Component\\Debug\\Exception\\FatalThrowableError(code: 0): Class 'TCG\\Voyager\\VoyagerServiceProvider' not found at G:\\Proyectos_2017\\sisccc\\sitio\\vendor\\laravel\\framework\\src\\Illuminate\\Foundation\\ProviderRepository.php:208)
[stacktrace]
#0 G:\\Proyectos_2017\\sisccc\\sitio\\vendor\\laravel\\framework\\src\\Illuminate\\Foundation\\ProviderRepository.php(144): Illuminate\\Foundation\\ProviderRepository->createProvider('TCG\\\\Voyager\\\\Voy...')
#1 G:\\Proyectos_2017\\sisccc\\sitio\\vendor\\laravel\\framework\\src\\Illuminate\\Foundation\\ProviderRepository.php(61): Illuminate\\Foundation\\ProviderRepository->compileManifest(Array)
#2 G:\\Proyectos_2017\\sisccc\\sitio\\vendor\\laravel\\framework\\src\\Illuminate\\Foundation\\Application.php(561): Illuminate\\Foundation\\ProviderRepository->load(Array)
#3 G:\\Proyectos_2017\\sisccc\\sitio\\vendor\\laravel\\framework\\src\\Illuminate\\Foundation\\Bootstrap\\RegisterProviders.php(17): Illuminate\\Foundation\\Application->registerConfiguredProviders()
#4 G:\\Proyectos_2017\\sisccc\\sitio\\vendor\\laravel\\framework\\src\\Illuminate\\Foundation\\Application.php(213): Illuminate\\Foundation\\Bootstrap\\RegisterProviders->bootstrap(Object(Illuminate\\Foundation\\Application))
#5 G:\\Proyectos_2017\\sisccc\\sitio\\vendor\\laravel\\framework\\src\\Illuminate\\Foundation\\Http\\Kernel.php(162): Illuminate\\Foundation\\Application->bootstrapWith(Array)
#6 G:\\Proyectos_2017\\sisccc\\sitio\\vendor\\laravel\\framework\\src\\Illuminate\\Foundation\\Http\\Kernel.php(146): Illuminate\\Foundation\\Http\\Kernel->bootstrap()
#7 G:\\Proyectos_2017\\sisccc\\sitio\\vendor\\laravel\\framework\\src\\Illuminate\\Foundation\\Http\\Kernel.php(116): Illuminate\\Foundation\\Http\\Kernel->sendRequestThroughRouter(Object(Illuminate\\Http\\Request))
#8 G:\\Proyectos_2017\\sisccc\\sitio\\public\\index.php(53): Illuminate\\Foundation\\Http\\Kernel->handle(Object(Illuminate\\Http\\Request))
#9 {main}
"} 
[2018-04-03 02:58:42] production.ERROR: Class 'TCG\Voyager\VoyagerServiceProvider' not found {"exception":"[object] (Symfony\\Component\\Debug\\Exception\\FatalThrowableError(code: 0): Class 'TCG\\Voyager\\VoyagerServiceProvider' not found at G:\\Proyectos_2017\\sisccc\\sitio\\vendor\\laravel\\framework\\src\\Illuminate\\Foundation\\ProviderRepository.php:208)
[stacktrace]
#0 G:\\Proyectos_2017\\sisccc\\sitio\\vendor\\laravel\\framework\\src\\Illuminate\\Foundation\\ProviderRepository.php(144): Illuminate\\Foundation\\ProviderRepository->createProvider('TCG\\\\Voyager\\\\Voy...')
#1 G:\\Proyectos_2017\\sisccc\\sitio\\vendor\\laravel\\framework\\src\\Illuminate\\Foundation\\ProviderRepository.php(61): Illuminate\\Foundation\\ProviderRepository->compileManifest(Array)
#2 G:\\Proyectos_2017\\sisccc\\sitio\\vendor\\laravel\\framework\\src\\Illuminate\\Foundation\\Application.php(561): Illuminate\\Foundation\\ProviderRepository->load(Array)
#3 G:\\Proyectos_2017\\sisccc\\sitio\\vendor\\laravel\\framework\\src\\Illuminate\\Foundation\\Bootstrap\\RegisterProviders.php(17): Illuminate\\Foundation\\Application->registerConfiguredProviders()
#4 G:\\Proyectos_2017\\sisccc\\sitio\\vendor\\laravel\\framework\\src\\Illuminate\\Foundation\\Application.php(213): Illuminate\\Foundation\\Bootstrap\\RegisterProviders->bootstrap(Object(Illuminate\\Foundation\\Application))
#5 G:\\Proyectos_2017\\sisccc\\sitio\\vendor\\laravel\\framework\\src\\Illuminate\\Foundation\\Http\\Kernel.php(162): Illuminate\\Foundation\\Application->bootstrapWith(Array)
#6 G:\\Proyectos_2017\\sisccc\\sitio\\vendor\\laravel\\framework\\src\\Illuminate\\Foundation\\Http\\Kernel.php(146): Illuminate\\Foundation\\Http\\Kernel->bootstrap()
#7 G:\\Proyectos_2017\\sisccc\\sitio\\vendor\\laravel\\framework\\src\\Illuminate\\Foundation\\Http\\Kernel.php(116): Illuminate\\Foundation\\Http\\Kernel->sendRequestThroughRouter(Object(Illuminate\\Http\\Request))
#8 G:\\Proyectos_2017\\sisccc\\sitio\\public\\index.php(53): Illuminate\\Foundation\\Http\\Kernel->handle(Object(Illuminate\\Http\\Request))
#9 {main}
"} 
