[2018-03-27 05:10:52] production.INFO: El Usuario contador@ccc.edu.bo Logeado!!!   
[2018-03-27 05:29:43] production.INFO: El Usuario contador@ccc.edu.bo Logeado!!!   
[2018-03-27 05:33:37] production.INFO: El Usuario direccion1@ccc.edu.bo Logeado!!!   
[2018-03-27 05:36:42] production.ERROR: Class sis_ccc\Http\Controllers\Direccion\..\Auth\ForgotPasswordController does not exist {"exception":"[object] (ReflectionException(code: -1): Class sis_ccc\\Http\\Controllers\\Direccion\\..\\Auth\\ForgotPasswordController does not exist at G:\\Proyectos_2017\\sisccc\\sitio\\vendor\\laravel\\framework\\src\\Illuminate\\Container\\Container.php:752)
[stacktrace]
#0 G:\\Proyectos_2017\\sisccc\\sitio\\vendor\\laravel\\framework\\src\\Illuminate\\Container\\Container.php(752): ReflectionClass->__construct('sis_ccc\\\\Http\\\\Co...')
#1 G:\\Proyectos_2017\\sisccc\\sitio\\vendor\\laravel\\framework\\src\\Illuminate\\Container\\Container.php(631): Illuminate\\Container\\Container->build('sis_ccc\\\\Http\\\\Co...')
#2 G:\\Proyectos_2017\\sisccc\\sitio\\vendor\\laravel\\framework\\src\\Illuminate\\Container\\Container.php(586): Illuminate\\Container\\Container->resolve('sis_ccc\\\\Http\\\\Co...', Array)
#3 G:\\Proyectos_2017\\sisccc\\sitio\\vendor\\laravel\\framework\\src\\Illuminate\\Foundation\\Application.php(732): Illuminate\\Container\\Container->make('sis_ccc\\\\Http\\\\Co...', Array)
#4 G:\\Proyectos_2017\\sisccc\\sitio\\vendor\\laravel\\framework\\src\\Illuminate\\Routing\\Route.php(226): Illuminate\\Foundation\\Application->make('sis_ccc\\\\Http\\\\Co...')
#5 G:\\Proyectos_2017\\sisccc\\sitio\\vendor\\laravel\\framework\\src\\Illuminate\\Routing\\Route.php(796): Illuminate\\Routing\\Route->getController()
#6 G:\\Proyectos_2017\\sisccc\\sitio\\vendor\\laravel\\framework\\src\\Illuminate\\Routing\\Route.php(757): Illuminate\\Routing\\Route->controllerMiddleware()
#7 G:\\Proyectos_2017\\sisccc\\sitio\\vendor\\laravel\\framework\\src\\Illuminate\\Routing\\Router.php(671): Illuminate\\Routing\\Route->gatherMiddleware()
#8 G:\\Proyectos_2017\\sisccc\\sitio\\vendor\\laravel\\framework\\src\\Illuminate\\Routing\\Router.php(651): Illuminate\\Routing\\Router->gatherRouteMiddleware(Object(Illuminate\\Routing\\Route))
#9 G:\\Proyectos_2017\\sisccc\\sitio\\vendor\\laravel\\framework\\src\\Illuminate\\Routing\\Router.php(635): Illuminate\\Routing\\Router->runRouteWithinStack(Object(Illuminate\\Routing\\Route), Object(Illuminate\\Http\\Request))
#10 G:\\Proyectos_2017\\sisccc\\sitio\\vendor\\laravel\\framework\\src\\Illuminate\\Routing\\Router.php(601): Illuminate\\Routing\\Router->runRoute(Object(Illuminate\\Http\\Request), Object(Illuminate\\Routing\\Route))
#11 G:\\Proyectos_2017\\sisccc\\sitio\\vendor\\laravel\\framework\\src\\Illuminate\\Routing\\Router.php(590): Illuminate\\Routing\\Router->dispatchToRoute(Object(Illuminate\\Http\\Request))
#12 G:\\Proyectos_2017\\sisccc\\sitio\\vendor\\laravel\\framework\\src\\Illuminate\\Foundation\\Http\\Kernel.php(176): Illuminate\\Routing\\Router->dispatch(Object(Illuminate\\Http\\Request))
#13 G:\\Proyectos_2017\\sisccc\\sitio\\vendor\\laravel\\framework\\src\\Illuminate\\Routing\\Pipeline.php(30): Illuminate\\Foundation\\Http\\Kernel->Illuminate\\Foundation\\Http\\{closure}(Object(Illuminate\\Http\\Request))
#14 G:\\Proyectos_2017\\sisccc\\sitio\\vendor\\barryvdh\\laravel-debugbar\\src\\Middleware\\Debugbar.php(51): Illuminate\\Routing\\Pipeline->Illuminate\\Routing\\{closure}(Object(Illuminate\\Http\\Request))
#15 G:\\Proyectos_2017\\sisccc\\sitio\\vendor\\laravel\\framework\\src\\Illuminate\\Pipeline\\Pipeline.php(149): Barryvdh\\Debugbar\\Middleware\\Debugbar->handle(Object(Illuminate\\Http\\Request), Object(Closure))
#16 G:\\Proyectos_2017\\sisccc\\sitio\\vendor\\laravel\\framework\\src\\Illuminate\\Routing\\Pipeline.php(53): Illuminate\\Pipeline\\Pipeline->Illuminate\\Pipeline\\{closure}(Object(Illuminate\\Http\\Request))
#17 G:\\Proyectos_2017\\sisccc\\sitio\\vendor\\laravel\\framework\\src\\Illuminate\\Foundation\\Http\\Middleware\\TransformsRequest.php(30): Illuminate\\Routing\\Pipeline->Illuminate\\Routing\\{closure}(Object(Illuminate\\Http\\Request))
#18 G:\\Proyectos_2017\\sisccc\\sitio\\vendor\\laravel\\framework\\src\\Illuminate\\Pipeline\\Pipeline.php(149): Illuminate\\Foundation\\Http\\Middleware\\TransformsRequest->handle(Object(Illuminate\\Http\\Request), Object(Closure))
#19 G:\\Proyectos_2017\\sisccc\\sitio\\vendor\\laravel\\framework\\src\\Illuminate\\Routing\\Pipeline.php(53): Illuminate\\Pipeline\\Pipeline->Illuminate\\Pipeline\\{closure}(Object(Illuminate\\Http\\Request))
#20 G:\\Proyectos_2017\\sisccc\\sitio\\vendor\\laravel\\framework\\src\\Illuminate\\Foundation\\Http\\Middleware\\CheckForMaintenanceMode.php(46): Illuminate\\Routing\\Pipeline->Illuminate\\Routing\\{closure}(Object(Illuminate\\Http\\Request))
#21 G:\\Proyectos_2017\\sisccc\\sitio\\vendor\\laravel\\framework\\src\\Illuminate\\Pipeline\\Pipeline.php(149): Illuminate\\Foundation\\Http\\Middleware\\CheckForMaintenanceMode->handle(Object(Illuminate\\Http\\Request), Object(Closure))
#22 G:\\Proyectos_2017\\sisccc\\sitio\\vendor\\laravel\\framework\\src\\Illuminate\\Routing\\Pipeline.php(53): Illuminate\\Pipeline\\Pipeline->Illuminate\\Pipeline\\{closure}(Object(Illuminate\\Http\\Request))
#23 G:\\Proyectos_2017\\sisccc\\sitio\\vendor\\laravel\\framework\\src\\Illuminate\\Pipeline\\Pipeline.php(102): Illuminate\\Routing\\Pipeline->Illuminate\\Routing\\{closure}(Object(Illuminate\\Http\\Request))
#24 G:\\Proyectos_2017\\sisccc\\sitio\\vendor\\laravel\\framework\\src\\Illuminate\\Foundation\\Http\\Kernel.php(151): Illuminate\\Pipeline\\Pipeline->then(Object(Closure))
#25 G:\\Proyectos_2017\\sisccc\\sitio\\vendor\\laravel\\framework\\src\\Illuminate\\Foundation\\Http\\Kernel.php(116): Illuminate\\Foundation\\Http\\Kernel->sendRequestThroughRouter(Object(Illuminate\\Http\\Request))
#26 G:\\Proyectos_2017\\sisccc\\sitio\\public\\index.php(53): Illuminate\\Foundation\\Http\\Kernel->handle(Object(Illuminate\\Http\\Request))
#27 {main}
"} 
[2018-03-27 05:38:16] production.INFO: El Usuario am_santiago32@ccc.edu.bo Logeado!!!   
[2018-03-27 05:40:56] production.INFO: El Usuario am_santiago32@ccc.edu.bo Logeado!!!   
[2018-03-27 07:02:39] production.INFO: El Usuario am_santiago32@ccc.edu.bo Logeado!!!   
[2018-03-27 07:03:59] production.INFO: El Usuario contador@ccc.edu.bo Logeado!!!   
[2018-03-27 07:12:03] production.INFO: El Usuario am_santiago32@ccc.edu.bo Logeado!!!   
