[2018-09-07 16:06:10] production.ERROR: Class 'Dotenv\Dotenv' not found {"exception":"[object] (Symfony\\Component\\Debug\\Exception\\FatalThrowableError(code: 0): Class 'Dotenv\\Dotenv' not found at D:\\CCC\\sitio\\vendor\\laravel\\framework\\src\\Illuminate\\Foundation\\Bootstrap\\LoadEnvironmentVariables.php:27)
[stacktrace]
#0 D:\\CCC\\sitio\\vendor\\laravel\\framework\\src\\Illuminate\\Foundation\\Application.php(213): Illuminate\\Foundation\\Bootstrap\\LoadEnvironmentVariables->bootstrap(Object(Illuminate\\Foundation\\Application))
#1 D:\\CCC\\sitio\\vendor\\laravel\\framework\\src\\Illuminate\\Foundation\\Http\\Kernel.php(162): Illuminate\\Foundation\\Application->bootstrapWith(Array)
#2 D:\\CCC\\sitio\\vendor\\laravel\\framework\\src\\Illuminate\\Foundation\\Http\\Kernel.php(146): Illuminate\\Foundation\\Http\\Kernel->bootstrap()
#3 D:\\CCC\\sitio\\vendor\\laravel\\framework\\src\\Illuminate\\Foundation\\Http\\Kernel.php(116): Illuminate\\Foundation\\Http\\Kernel->sendRequestThroughRouter(Object(Illuminate\\Http\\Request))
#4 D:\\CCC\\sitio\\public\\index.php(53): Illuminate\\Foundation\\Http\\Kernel->handle(Object(Illuminate\\Http\\Request))
#5 {main}
"} 
[2018-09-07 16:10:23] production.ERROR: Class 'Dotenv\Dotenv' not found {"exception":"[object] (Symfony\\Component\\Debug\\Exception\\FatalThrowableError(code: 0): Class 'Dotenv\\Dotenv' not found at D:\\CCC\\sitio\\vendor\\laravel\\framework\\src\\Illuminate\\Foundation\\Bootstrap\\LoadEnvironmentVariables.php:27)
[stacktrace]
#0 D:\\CCC\\sitio\\vendor\\laravel\\framework\\src\\Illuminate\\Foundation\\Application.php(213): Illuminate\\Foundation\\Bootstrap\\LoadEnvironmentVariables->bootstrap(Object(Illuminate\\Foundation\\Application))
#1 D:\\CCC\\sitio\\vendor\\laravel\\framework\\src\\Illuminate\\Foundation\\Http\\Kernel.php(162): Illuminate\\Foundation\\Application->bootstrapWith(Array)
#2 D:\\CCC\\sitio\\vendor\\laravel\\framework\\src\\Illuminate\\Foundation\\Http\\Kernel.php(146): Illuminate\\Foundation\\Http\\Kernel->bootstrap()
#3 D:\\CCC\\sitio\\vendor\\laravel\\framework\\src\\Illuminate\\Foundation\\Http\\Kernel.php(116): Illuminate\\Foundation\\Http\\Kernel->sendRequestThroughRouter(Object(Illuminate\\Http\\Request))
#4 D:\\CCC\\sitio\\public\\index.php(53): Illuminate\\Foundation\\Http\\Kernel->handle(Object(Illuminate\\Http\\Request))
#5 {main}
"} 
[2018-09-07 16:15:00] production.ERROR: Class 'Dotenv\Dotenv' not found {"exception":"[object] (Symfony\\Component\\Debug\\Exception\\FatalThrowableError(code: 0): Class 'Dotenv\\Dotenv' not found at D:\\CCC\\sitio\\vendor\\laravel\\framework\\src\\Illuminate\\Foundation\\Bootstrap\\LoadEnvironmentVariables.php:27)
[stacktrace]
#0 D:\\CCC\\sitio\\vendor\\laravel\\framework\\src\\Illuminate\\Foundation\\Application.php(213): Illuminate\\Foundation\\Bootstrap\\LoadEnvironmentVariables->bootstrap(Object(Illuminate\\Foundation\\Application))
#1 D:\\CCC\\sitio\\vendor\\laravel\\framework\\src\\Illuminate\\Foundation\\Http\\Kernel.php(162): Illuminate\\Foundation\\Application->bootstrapWith(Array)
#2 D:\\CCC\\sitio\\vendor\\laravel\\framework\\src\\Illuminate\\Foundation\\Http\\Kernel.php(146): Illuminate\\Foundation\\Http\\Kernel->bootstrap()
#3 D:\\CCC\\sitio\\vendor\\laravel\\framework\\src\\Illuminate\\Foundation\\Http\\Kernel.php(116): Illuminate\\Foundation\\Http\\Kernel->sendRequestThroughRouter(Object(Illuminate\\Http\\Request))
#4 D:\\CCC\\sitio\\public\\index.php(53): Illuminate\\Foundation\\Http\\Kernel->handle(Object(Illuminate\\Http\\Request))
#5 {main}
"} 
[2018-09-07 16:17:23] production.ERROR: Class 'Dotenv\Dotenv' not found {"exception":"[object] (Symfony\\Component\\Debug\\Exception\\FatalThrowableError(code: 0): Class 'Dotenv\\Dotenv' not found at D:\\CCC\\sitio\\vendor\\laravel\\framework\\src\\Illuminate\\Foundation\\Bootstrap\\LoadEnvironmentVariables.php:27)
[stacktrace]
#0 D:\\CCC\\sitio\\vendor\\laravel\\framework\\src\\Illuminate\\Foundation\\Application.php(213): Illuminate\\Foundation\\Bootstrap\\LoadEnvironmentVariables->bootstrap(Object(Illuminate\\Foundation\\Application))
#1 D:\\CCC\\sitio\\vendor\\laravel\\framework\\src\\Illuminate\\Foundation\\Http\\Kernel.php(162): Illuminate\\Foundation\\Application->bootstrapWith(Array)
#2 D:\\CCC\\sitio\\vendor\\laravel\\framework\\src\\Illuminate\\Foundation\\Http\\Kernel.php(146): Illuminate\\Foundation\\Http\\Kernel->bootstrap()
#3 D:\\CCC\\sitio\\vendor\\laravel\\framework\\src\\Illuminate\\Foundation\\Http\\Kernel.php(116): Illuminate\\Foundation\\Http\\Kernel->sendRequestThroughRouter(Object(Illuminate\\Http\\Request))
#4 D:\\CCC\\sitio\\public\\index.php(53): Illuminate\\Foundation\\Http\\Kernel->handle(Object(Illuminate\\Http\\Request))
#5 {main}
"} 
